2019-12-26 00:32:18.802 | main | INFO  | o.s.b.StartupInfoLogger:StartupInfoLogger.java(50) | Starting Start on fsl with PID 43977 (/Users/fsl/projects/houtaifuwu/target/classes started by fsl in /Users/fsl/projects/houtaifuwu)
2019-12-26 00:32:18.806 | main | INFO  | o.s.b.SpringApplication:SpringApplication.java(675) | No active profile set, falling back to default profiles: default
2019-12-26 00:32:19.629 | main | INFO  | o.s.d.r.c.RepositoryConfigurationDelegate:RepositoryConfigurationDelegate.java(244) | Multiple Spring Data modules found, entering strict repository configuration mode!
2019-12-26 00:32:19.630 | main | INFO  | o.s.d.r.c.RepositoryConfigurationDelegate:RepositoryConfigurationDelegate.java(126) | Bootstrapping Spring Data repositories in DEFAULT mode.
2019-12-26 00:32:19.657 | main | INFO  | o.s.d.r.c.RepositoryConfigurationDelegate:RepositoryConfigurationDelegate.java(182) | Finished Spring Data repository scanning in 20ms. Found 0 repository interfaces.
2019-12-26 00:32:19.674 | main | INFO  | o.s.d.r.c.RepositoryConfigurationDelegate:RepositoryConfigurationDelegate.java(244) | Multiple Spring Data modules found, entering strict repository configuration mode!
2019-12-26 00:32:19.675 | main | INFO  | o.s.d.r.c.RepositoryConfigurationDelegate:RepositoryConfigurationDelegate.java(126) | Bootstrapping Spring Data repositories in DEFAULT mode.
2019-12-26 00:32:19.681 | main | INFO  | o.s.d.r.c.RepositoryConfigurationDelegate:RepositoryConfigurationDelegate.java(182) | Finished Spring Data repository scanning in 6ms. Found 0 repository interfaces.
2019-12-26 00:32:19.690 | main | INFO  | o.s.d.r.c.RepositoryConfigurationDelegate:RepositoryConfigurationDelegate.java(244) | Multiple Spring Data modules found, entering strict repository configuration mode!
2019-12-26 00:32:19.692 | main | INFO  | o.s.d.r.c.RepositoryConfigurationDelegate:RepositoryConfigurationDelegate.java(126) | Bootstrapping Spring Data repositories in DEFAULT mode.
2019-12-26 00:32:19.703 | main | INFO  | o.s.d.r.c.RepositoryConfigurationDelegate:RepositoryConfigurationDelegate.java(182) | Finished Spring Data repository scanning in 5ms. Found 0 repository interfaces.
2019-12-26 00:32:19.908 | main | INFO  | o.s.c.s.PostProcessorRegistrationDelegate$BeanPostProcessorChecker:PostProcessorRegistrationDelegate.java(330) | Bean 'shiroConfig' of type [com.shangchao.shiro.ShiroConfig$$EnhancerBySpringCGLIB$$c6a9350d] is not eligible for getting processed by all BeanPostProcessors (for example: not eligible for auto-proxying)
2019-12-26 00:32:19.939 | main | INFO  | o.s.c.s.PostProcessorRegistrationDelegate$BeanPostProcessorChecker:PostProcessorRegistrationDelegate.java(330) | Bean 'org.springframework.boot.autoconfigure.data.redis.RedisAutoConfiguration' of type [org.springframework.boot.autoconfigure.data.redis.RedisAutoConfiguration$$EnhancerBySpringCGLIB$$9c6be8b1] is not eligible for getting processed by all BeanPostProcessors (for example: not eligible for auto-proxying)
2019-12-26 00:32:19.951 | main | INFO  | o.s.c.s.PostProcessorRegistrationDelegate$BeanPostProcessorChecker:PostProcessorRegistrationDelegate.java(330) | Bean 'spring.redis-org.springframework.boot.autoconfigure.data.redis.RedisProperties' of type [org.springframework.boot.autoconfigure.data.redis.RedisProperties] is not eligible for getting processed by all BeanPostProcessors (for example: not eligible for auto-proxying)
2019-12-26 00:32:19.955 | main | INFO  | o.s.c.s.PostProcessorRegistrationDelegate$BeanPostProcessorChecker:PostProcessorRegistrationDelegate.java(330) | Bean 'org.springframework.boot.autoconfigure.data.redis.JedisConnectionConfiguration' of type [org.springframework.boot.autoconfigure.data.redis.JedisConnectionConfiguration$$EnhancerBySpringCGLIB$$48106f0a] is not eligible for getting processed by all BeanPostProcessors (for example: not eligible for auto-proxying)
2019-12-26 00:32:19.976 | main | INFO  | o.s.c.s.PostProcessorRegistrationDelegate$BeanPostProcessorChecker:PostProcessorRegistrationDelegate.java(330) | Bean 'redisConnectionFactory' of type [org.springframework.data.redis.connection.jedis.JedisConnectionFactory] is not eligible for getting processed by all BeanPostProcessors (for example: not eligible for auto-proxying)
2019-12-26 00:32:19.985 | main | INFO  | o.s.c.s.PostProcessorRegistrationDelegate$BeanPostProcessorChecker:PostProcessorRegistrationDelegate.java(330) | Bean 'redisTemplate' of type [org.springframework.data.redis.core.RedisTemplate] is not eligible for getting processed by all BeanPostProcessors (for example: not eligible for auto-proxying)
2019-12-26 00:32:19.999 | main | INFO  | o.s.c.s.PostProcessorRegistrationDelegate$BeanPostProcessorChecker:PostProcessorRegistrationDelegate.java(330) | Bean 'mybatis-org.mybatis.spring.boot.autoconfigure.MybatisProperties' of type [org.mybatis.spring.boot.autoconfigure.MybatisProperties] is not eligible for getting processed by all BeanPostProcessors (for example: not eligible for auto-proxying)
2019-12-26 00:32:20.005 | main | INFO  | o.s.c.s.PostProcessorRegistrationDelegate$BeanPostProcessorChecker:PostProcessorRegistrationDelegate.java(330) | Bean 'org.mybatis.spring.boot.autoconfigure.MybatisAutoConfiguration' of type [org.mybatis.spring.boot.autoconfigure.MybatisAutoConfiguration$$EnhancerBySpringCGLIB$$d9a90ea5] is not eligible for getting processed by all BeanPostProcessors (for example: not eligible for auto-proxying)
2019-12-26 00:32:20.006 | main | INFO  | o.s.c.s.PostProcessorRegistrationDelegate$BeanPostProcessorChecker:PostProcessorRegistrationDelegate.java(330) | Bean 'org.springframework.boot.autoconfigure.jdbc.DataSourceConfiguration$Hikari' of type [org.springframework.boot.autoconfigure.jdbc.DataSourceConfiguration$Hikari$$EnhancerBySpringCGLIB$$e7542762] is not eligible for getting processed by all BeanPostProcessors (for example: not eligible for auto-proxying)
2019-12-26 00:32:20.012 | main | INFO  | o.s.c.s.PostProcessorRegistrationDelegate$BeanPostProcessorChecker:PostProcessorRegistrationDelegate.java(330) | Bean 'spring.datasource-org.springframework.boot.autoconfigure.jdbc.DataSourceProperties' of type [org.springframework.boot.autoconfigure.jdbc.DataSourceProperties] is not eligible for getting processed by all BeanPostProcessors (for example: not eligible for auto-proxying)
2019-12-26 00:32:20.031 | main | INFO  | o.s.c.s.PostProcessorRegistrationDelegate$BeanPostProcessorChecker:PostProcessorRegistrationDelegate.java(330) | Bean 'dataSource' of type [com.zaxxer.hikari.HikariDataSource] is not eligible for getting processed by all BeanPostProcessors (for example: not eligible for auto-proxying)
2019-12-26 00:32:20.148 | main | INFO  | o.s.c.s.PostProcessorRegistrationDelegate$BeanPostProcessorChecker:PostProcessorRegistrationDelegate.java(330) | Bean 'sqlSessionFactory' of type [org.apache.ibatis.session.defaults.DefaultSqlSessionFactory] is not eligible for getting processed by all BeanPostProcessors (for example: not eligible for auto-proxying)
2019-12-26 00:32:20.153 | main | INFO  | o.s.c.s.PostProcessorRegistrationDelegate$BeanPostProcessorChecker:PostProcessorRegistrationDelegate.java(330) | Bean 'sqlSessionTemplate' of type [org.mybatis.spring.SqlSessionTemplate] is not eligible for getting processed by all BeanPostProcessors (for example: not eligible for auto-proxying)
2019-12-26 00:32:20.154 | main | INFO  | o.s.c.s.PostProcessorRegistrationDelegate$BeanPostProcessorChecker:PostProcessorRegistrationDelegate.java(330) | Bean 'IUserDAO' of type [org.mybatis.spring.mapper.MapperFactoryBean] is not eligible for getting processed by all BeanPostProcessors (for example: not eligible for auto-proxying)
2019-12-26 00:32:20.155 | main | INFO  | o.s.c.s.PostProcessorRegistrationDelegate$BeanPostProcessorChecker:PostProcessorRegistrationDelegate.java(330) | Bean 'IUserDAO' of type [com.sun.proxy.$Proxy72] is not eligible for getting processed by all BeanPostProcessors (for example: not eligible for auto-proxying)
2019-12-26 00:32:20.156 | main | INFO  | o.s.c.s.PostProcessorRegistrationDelegate$BeanPostProcessorChecker:PostProcessorRegistrationDelegate.java(330) | Bean 'userService' of type [com.shangchao.service.impl.UserServiceImpl] is not eligible for getting processed by all BeanPostProcessors (for example: not eligible for auto-proxying)
2019-12-26 00:32:20.157 | main | INFO  | o.s.c.s.PostProcessorRegistrationDelegate$BeanPostProcessorChecker:PostProcessorRegistrationDelegate.java(330) | Bean 'myRealm' of type [com.shangchao.shiro.MyRealm] is not eligible for getting processed by all BeanPostProcessors (for example: not eligible for auto-proxying)
2019-12-26 00:32:20.159 | main | INFO  | o.s.c.s.PostProcessorRegistrationDelegate$BeanPostProcessorChecker:PostProcessorRegistrationDelegate.java(330) | Bean 'defaultSessionStorageEvaluator' of type [org.apache.shiro.mgt.DefaultSessionStorageEvaluator] is not eligible for getting processed by all BeanPostProcessors (for example: not eligible for auto-proxying)
2019-12-26 00:32:20.160 | main | INFO  | o.s.c.s.PostProcessorRegistrationDelegate$BeanPostProcessorChecker:PostProcessorRegistrationDelegate.java(330) | Bean 'subjectDAO' of type [org.apache.shiro.mgt.DefaultSubjectDAO] is not eligible for getting processed by all BeanPostProcessors (for example: not eligible for auto-proxying)
2019-12-26 00:32:20.165 | main | INFO  | o.s.c.s.PostProcessorRegistrationDelegate$BeanPostProcessorChecker:PostProcessorRegistrationDelegate.java(330) | Bean 'sessionManager' of type [org.apache.shiro.session.mgt.DefaultSessionManager] is not eligible for getting processed by all BeanPostProcessors (for example: not eligible for auto-proxying)
2019-12-26 00:32:20.168 | main | INFO  | o.s.c.s.PostProcessorRegistrationDelegate$BeanPostProcessorChecker:PostProcessorRegistrationDelegate.java(330) | Bean 'subjectFactory' of type [com.shangchao.shiro.StatelessDefaultSubjectFactory] is not eligible for getting processed by all BeanPostProcessors (for example: not eligible for auto-proxying)
2019-12-26 00:32:20.403 | main | WARN  | o.a.s.w.m.DefaultWebSecurityManager:DefaultWebSecurityManager.java(175) | The org.apache.shiro.web.mgt.DefaultWebSecurityManager implementation expects SessionManager instances that implement the org.apache.shiro.web.session.mgt.WebSessionManager interface.  The configured instance is of type [org.apache.shiro.session.mgt.DefaultSessionManager] which does not implement this interface..  This may cause unexpected behavior.
2019-12-26 00:32:20.404 | main | INFO  | o.s.c.s.PostProcessorRegistrationDelegate$BeanPostProcessorChecker:PostProcessorRegistrationDelegate.java(330) | Bean 'securityManager' of type [org.apache.shiro.web.mgt.DefaultWebSecurityManager] is not eligible for getting processed by all BeanPostProcessors (for example: not eligible for auto-proxying)
2019-12-26 00:32:20.410 | main | INFO  | o.s.c.s.PostProcessorRegistrationDelegate$BeanPostProcessorChecker:PostProcessorRegistrationDelegate.java(330) | Bean 'jwtFilter' of type [com.shangchao.shiro.JwtFilter] is not eligible for getting processed by all BeanPostProcessors (for example: not eligible for auto-proxying)
2019-12-26 00:32:20.447 | main | INFO  | o.s.c.s.PostProcessorRegistrationDelegate$BeanPostProcessorChecker:PostProcessorRegistrationDelegate.java(330) | Bean 'authorizationAttributeSourceAdvisor' of type [org.apache.shiro.spring.security.interceptor.AuthorizationAttributeSourceAdvisor] is not eligible for getting processed by all BeanPostProcessors (for example: not eligible for auto-proxying)
2019-12-26 00:32:20.475 | main | INFO  | o.s.c.s.PostProcessorRegistrationDelegate$BeanPostProcessorChecker:PostProcessorRegistrationDelegate.java(330) | Bean 'org.springframework.transaction.annotation.ProxyTransactionManagementConfiguration' of type [org.springframework.transaction.annotation.ProxyTransactionManagementConfiguration$$EnhancerBySpringCGLIB$$a6d4bd75] is not eligible for getting processed by all BeanPostProcessors (for example: not eligible for auto-proxying)
2019-12-26 00:32:20.770 | main | INFO  | o.s.b.w.e.t.TomcatWebServer:TomcatWebServer.java(90) | Tomcat initialized with port(s): 9999 (http)
2019-12-26 00:32:20.781 | main | INFO  | o.a.j.l.DirectJDKLog:DirectJDKLog.java(173) | Initializing ProtocolHandler ["http-nio-9999"]
2019-12-26 00:32:20.788 | main | INFO  | o.a.j.l.DirectJDKLog:DirectJDKLog.java(173) | Starting service [Tomcat]
2019-12-26 00:32:20.789 | main | INFO  | o.a.j.l.DirectJDKLog:DirectJDKLog.java(173) | Starting Servlet engine: [Apache Tomcat/9.0.17]
2019-12-26 00:32:20.877 | main | INFO  | o.a.j.l.DirectJDKLog:DirectJDKLog.java(173) | Initializing Spring embedded WebApplicationContext
2019-12-26 00:32:20.877 | main | INFO  | o.s.b.w.s.c.ServletWebServerApplicationContext:ServletWebServerApplicationContext.java(296) | Root WebApplicationContext: initialization completed in 1997 ms
2019-12-26 00:32:21.018 | main | INFO  | c.z.h.HikariDataSource:HikariDataSource.java(110) | ShangchaoHikariCP - Starting...
2019-12-26 00:32:21.020 | main | WARN  | c.z.h.u.DriverDataSource:DriverDataSource.java(68) | Registered driver with driverClassName=com.mysql.jdbc.Driver was not found, trying direct instantiation.
2019-12-26 00:32:22.009 | main | INFO  | c.z.h.HikariDataSource:HikariDataSource.java(123) | ShangchaoHikariCP - Start completed.
2019-12-26 00:32:22.055 | main | INFO  | o.h.j.i.u.LogHelper:LogHelper.java(31) | HHH000204: Processing PersistenceUnitInfo [
	name: default
	...]
2019-12-26 00:32:22.103 | main | INFO  | o.hibernate.Version:Version.java(46) | HHH000412: Hibernate Core {5.3.9.Final}
2019-12-26 00:32:22.104 | main | INFO  | o.h.cfg.Environment:Environment.java(213) | HHH000206: hibernate.properties not found
2019-12-26 00:32:22.211 | main | INFO  | o.h.a.c.r.j.JavaReflectionManager:JavaReflectionManager.java(49) | HCANN000001: Hibernate Commons Annotations {5.0.4.Final}
2019-12-26 00:32:22.328 | main | INFO  | o.h.dialect.Dialect:Dialect.java(157) | HHH000400: Using dialect: org.hibernate.dialect.MySQL5Dialect
2019-12-26 00:32:22.480 | main | INFO  | o.s.o.j.AbstractEntityManagerFactoryBean:AbstractEntityManagerFactoryBean.java(415) | Initialized JPA EntityManagerFactory for persistence unit 'default'
2019-12-26 00:32:22.595 | main | INFO  | c.m.d.l.SLF4JLogger:SLF4JLogger.java(71) | Cluster created with settings {hosts=[118.190.172.69:27017], mode=MULTIPLE, requiredClusterType=UNKNOWN, serverSelectionTimeout='30000 ms', maxWaitQueueSize=500}
2019-12-26 00:32:22.595 | main | INFO  | c.m.d.l.SLF4JLogger:SLF4JLogger.java(71) | Adding discovered server 118.190.172.69:27017 to client view of cluster
2019-12-26 00:32:22.935 | cluster-ClusterId{value='5e038f1648751eabc9c6080e', description='null'}-118.190.172.69:27017 | INFO  | c.m.d.l.SLF4JLogger:SLF4JLogger.java(71) | Opened connection [connectionId{localValue:1, serverValue:559}] to 118.190.172.69:27017
2019-12-26 00:32:23.015 | cluster-ClusterId{value='5e038f1648751eabc9c6080e', description='null'}-118.190.172.69:27017 | INFO  | c.m.d.l.SLF4JLogger:SLF4JLogger.java(71) | Monitor thread successfully connected to server with description ServerDescription{address=118.190.172.69:27017, type=STANDALONE, state=CONNECTED, ok=true, version=ServerVersion{versionList=[4, 0, 13]}, minWireVersion=0, maxWireVersion=7, maxDocumentSize=16777216, logicalSessionTimeoutMinutes=30, roundTripTimeNanos=79195299}
2019-12-26 00:32:23.016 | cluster-ClusterId{value='5e038f1648751eabc9c6080e', description='null'}-118.190.172.69:27017 | INFO  | c.m.d.l.SLF4JLogger:SLF4JLogger.java(71) | Discovered cluster type of STANDALONE
2019-12-26 00:32:23.250 | main | WARN  | o.s.b.a.o.j.JpaBaseConfiguration$JpaWebConfiguration$JpaWebMvcConfiguration:JpaBaseConfiguration.java(237) | spring.jpa.open-in-view is enabled by default. Therefore, database queries may be performed during view rendering. Explicitly configure spring.jpa.open-in-view to disable this warning
2019-12-26 00:32:23.458 | main | INFO  | s.d.s.w.PropertySourcedRequestMappingHandlerMapping:PropertySourcedRequestMappingHandlerMapping.java(69) | Mapped URL path [/v2/api-docs] onto method [public org.springframework.http.ResponseEntity<springfox.documentation.spring.web.json.Json> springfox.documentation.swagger2.web.Swagger2Controller.getDocumentation(java.lang.String,javax.servlet.http.HttpServletRequest)]
2019-12-26 00:32:23.740 | main | INFO  | o.s.s.c.ExecutorConfigurationSupport:ExecutorConfigurationSupport.java(171) | Initializing ExecutorService 'applicationTaskExecutor'
2019-12-26 00:32:24.092 | main | INFO  | s.d.s.w.p.DocumentationPluginsBootstrapper:DocumentationPluginsBootstrapper.java(160) | Context refreshed
2019-12-26 00:32:24.107 | main | INFO  | s.d.s.w.p.DocumentationPluginsBootstrapper:DocumentationPluginsBootstrapper.java(163) | Found 1 custom documentation plugin(s)
2019-12-26 00:32:24.132 | main | INFO  | s.d.s.w.s.ApiListingReferenceScanner:ApiListingReferenceScanner.java(41) | Scanning for api listing references
2019-12-26 00:32:24.367 | main | INFO  | s.d.s.w.r.o.CachingOperationNameGenerator:CachingOperationNameGenerator.java(40) | Generating unique operation named: getTopicWithProductUsingGET_1
2019-12-26 00:32:24.391 | main | INFO  | o.a.j.l.DirectJDKLog:DirectJDKLog.java(173) | Starting ProtocolHandler ["http-nio-9999"]
2019-12-26 00:32:24.418 | main | INFO  | o.s.b.w.e.t.TomcatWebServer:TomcatWebServer.java(204) | Tomcat started on port(s): 9999 (http) with context path ''
2019-12-26 00:32:24.421 | main | INFO  | o.s.b.StartupInfoLogger:StartupInfoLogger.java(59) | Started Start in 6.067 seconds (JVM running for 6.692)
2019-12-26 00:33:27.300 | http-nio-9999-exec-1 | INFO  | o.a.j.l.DirectJDKLog:DirectJDKLog.java(173) | Initializing Spring DispatcherServlet 'dispatcherServlet'
2019-12-26 00:33:27.301 | http-nio-9999-exec-1 | INFO  | o.s.w.s.FrameworkServlet:FrameworkServlet.java(524) | Initializing Servlet 'dispatcherServlet'
2019-12-26 00:33:27.313 | http-nio-9999-exec-1 | INFO  | o.s.w.s.FrameworkServlet:FrameworkServlet.java(546) | Completed initialization in 12 ms
2019-12-26 00:37:40.574 | Thread-15 | INFO  | o.s.s.c.ExecutorConfigurationSupport:ExecutorConfigurationSupport.java(208) | Shutting down ExecutorService 'applicationTaskExecutor'
2019-12-26 00:37:40.579 | Thread-15 | INFO  | o.s.o.j.AbstractEntityManagerFactoryBean:AbstractEntityManagerFactoryBean.java(597) | Closing JPA EntityManagerFactory for persistence unit 'default'
2019-12-26 00:37:40.581 | Thread-15 | INFO  | c.z.h.HikariDataSource:HikariDataSource.java(350) | ShangchaoHikariCP - Shutdown initiated...
2019-12-26 00:37:40.584 | Thread-15 | INFO  | c.z.h.HikariDataSource:HikariDataSource.java(352) | ShangchaoHikariCP - Shutdown completed.
2019-12-26 00:37:46.006 | main | INFO  | o.s.b.StartupInfoLogger:StartupInfoLogger.java(50) | Starting Start on fsl with PID 44117 (/Users/fsl/projects/houtaifuwu/target/classes started by fsl in /Users/fsl/projects/houtaifuwu)
2019-12-26 00:37:46.009 | main | INFO  | o.s.b.SpringApplication:SpringApplication.java(675) | No active profile set, falling back to default profiles: default
2019-12-26 00:37:46.877 | main | INFO  | o.s.d.r.c.RepositoryConfigurationDelegate:RepositoryConfigurationDelegate.java(244) | Multiple Spring Data modules found, entering strict repository configuration mode!
2019-12-26 00:37:46.878 | main | INFO  | o.s.d.r.c.RepositoryConfigurationDelegate:RepositoryConfigurationDelegate.java(126) | Bootstrapping Spring Data repositories in DEFAULT mode.
2019-12-26 00:37:46.903 | main | INFO  | o.s.d.r.c.RepositoryConfigurationDelegate:RepositoryConfigurationDelegate.java(182) | Finished Spring Data repository scanning in 19ms. Found 0 repository interfaces.
2019-12-26 00:37:46.918 | main | INFO  | o.s.d.r.c.RepositoryConfigurationDelegate:RepositoryConfigurationDelegate.java(244) | Multiple Spring Data modules found, entering strict repository configuration mode!
2019-12-26 00:37:46.918 | main | INFO  | o.s.d.r.c.RepositoryConfigurationDelegate:RepositoryConfigurationDelegate.java(126) | Bootstrapping Spring Data repositories in DEFAULT mode.
2019-12-26 00:37:46.922 | main | INFO  | o.s.d.r.c.RepositoryConfigurationDelegate:RepositoryConfigurationDelegate.java(182) | Finished Spring Data repository scanning in 4ms. Found 0 repository interfaces.
2019-12-26 00:37:46.929 | main | INFO  | o.s.d.r.c.RepositoryConfigurationDelegate:RepositoryConfigurationDelegate.java(244) | Multiple Spring Data modules found, entering strict repository configuration mode!
2019-12-26 00:37:46.931 | main | INFO  | o.s.d.r.c.RepositoryConfigurationDelegate:RepositoryConfigurationDelegate.java(126) | Bootstrapping Spring Data repositories in DEFAULT mode.
2019-12-26 00:37:46.940 | main | INFO  | o.s.d.r.c.RepositoryConfigurationDelegate:RepositoryConfigurationDelegate.java(182) | Finished Spring Data repository scanning in 4ms. Found 0 repository interfaces.
2019-12-26 00:37:47.132 | main | INFO  | o.s.c.s.PostProcessorRegistrationDelegate$BeanPostProcessorChecker:PostProcessorRegistrationDelegate.java(330) | Bean 'shiroConfig' of type [com.shangchao.shiro.ShiroConfig$$EnhancerBySpringCGLIB$$e50956f0] is not eligible for getting processed by all BeanPostProcessors (for example: not eligible for auto-proxying)
2019-12-26 00:37:47.163 | main | INFO  | o.s.c.s.PostProcessorRegistrationDelegate$BeanPostProcessorChecker:PostProcessorRegistrationDelegate.java(330) | Bean 'org.springframework.boot.autoconfigure.data.redis.RedisAutoConfiguration' of type [org.springframework.boot.autoconfigure.data.redis.RedisAutoConfiguration$$EnhancerBySpringCGLIB$$bacc0a94] is not eligible for getting processed by all BeanPostProcessors (for example: not eligible for auto-proxying)
2019-12-26 00:37:47.177 | main | INFO  | o.s.c.s.PostProcessorRegistrationDelegate$BeanPostProcessorChecker:PostProcessorRegistrationDelegate.java(330) | Bean 'spring.redis-org.springframework.boot.autoconfigure.data.redis.RedisProperties' of type [org.springframework.boot.autoconfigure.data.redis.RedisProperties] is not eligible for getting processed by all BeanPostProcessors (for example: not eligible for auto-proxying)
2019-12-26 00:37:47.181 | main | INFO  | o.s.c.s.PostProcessorRegistrationDelegate$BeanPostProcessorChecker:PostProcessorRegistrationDelegate.java(330) | Bean 'org.springframework.boot.autoconfigure.data.redis.JedisConnectionConfiguration' of type [org.springframework.boot.autoconfigure.data.redis.JedisConnectionConfiguration$$EnhancerBySpringCGLIB$$667090ed] is not eligible for getting processed by all BeanPostProcessors (for example: not eligible for auto-proxying)
2019-12-26 00:37:47.206 | main | INFO  | o.s.c.s.PostProcessorRegistrationDelegate$BeanPostProcessorChecker:PostProcessorRegistrationDelegate.java(330) | Bean 'redisConnectionFactory' of type [org.springframework.data.redis.connection.jedis.JedisConnectionFactory] is not eligible for getting processed by all BeanPostProcessors (for example: not eligible for auto-proxying)
2019-12-26 00:37:47.217 | main | INFO  | o.s.c.s.PostProcessorRegistrationDelegate$BeanPostProcessorChecker:PostProcessorRegistrationDelegate.java(330) | Bean 'redisTemplate' of type [org.springframework.data.redis.core.RedisTemplate] is not eligible for getting processed by all BeanPostProcessors (for example: not eligible for auto-proxying)
2019-12-26 00:37:47.238 | main | INFO  | o.s.c.s.PostProcessorRegistrationDelegate$BeanPostProcessorChecker:PostProcessorRegistrationDelegate.java(330) | Bean 'mybatis-org.mybatis.spring.boot.autoconfigure.MybatisProperties' of type [org.mybatis.spring.boot.autoconfigure.MybatisProperties] is not eligible for getting processed by all BeanPostProcessors (for example: not eligible for auto-proxying)
2019-12-26 00:37:47.243 | main | INFO  | o.s.c.s.PostProcessorRegistrationDelegate$BeanPostProcessorChecker:PostProcessorRegistrationDelegate.java(330) | Bean 'org.mybatis.spring.boot.autoconfigure.MybatisAutoConfiguration' of type [org.mybatis.spring.boot.autoconfigure.MybatisAutoConfiguration$$EnhancerBySpringCGLIB$$f8093088] is not eligible for getting processed by all BeanPostProcessors (for example: not eligible for auto-proxying)
2019-12-26 00:37:47.246 | main | INFO  | o.s.c.s.PostProcessorRegistrationDelegate$BeanPostProcessorChecker:PostProcessorRegistrationDelegate.java(330) | Bean 'org.springframework.boot.autoconfigure.jdbc.DataSourceConfiguration$Hikari' of type [org.springframework.boot.autoconfigure.jdbc.DataSourceConfiguration$Hikari$$EnhancerBySpringCGLIB$$5b44945] is not eligible for getting processed by all BeanPostProcessors (for example: not eligible for auto-proxying)
2019-12-26 00:37:47.253 | main | INFO  | o.s.c.s.PostProcessorRegistrationDelegate$BeanPostProcessorChecker:PostProcessorRegistrationDelegate.java(330) | Bean 'spring.datasource-org.springframework.boot.autoconfigure.jdbc.DataSourceProperties' of type [org.springframework.boot.autoconfigure.jdbc.DataSourceProperties] is not eligible for getting processed by all BeanPostProcessors (for example: not eligible for auto-proxying)
2019-12-26 00:37:47.274 | main | INFO  | o.s.c.s.PostProcessorRegistrationDelegate$BeanPostProcessorChecker:PostProcessorRegistrationDelegate.java(330) | Bean 'dataSource' of type [com.zaxxer.hikari.HikariDataSource] is not eligible for getting processed by all BeanPostProcessors (for example: not eligible for auto-proxying)
2019-12-26 00:37:47.425 | main | INFO  | o.s.c.s.PostProcessorRegistrationDelegate$BeanPostProcessorChecker:PostProcessorRegistrationDelegate.java(330) | Bean 'sqlSessionFactory' of type [org.apache.ibatis.session.defaults.DefaultSqlSessionFactory] is not eligible for getting processed by all BeanPostProcessors (for example: not eligible for auto-proxying)
2019-12-26 00:37:47.430 | main | INFO  | o.s.c.s.PostProcessorRegistrationDelegate$BeanPostProcessorChecker:PostProcessorRegistrationDelegate.java(330) | Bean 'sqlSessionTemplate' of type [org.mybatis.spring.SqlSessionTemplate] is not eligible for getting processed by all BeanPostProcessors (for example: not eligible for auto-proxying)
2019-12-26 00:37:47.431 | main | INFO  | o.s.c.s.PostProcessorRegistrationDelegate$BeanPostProcessorChecker:PostProcessorRegistrationDelegate.java(330) | Bean 'IUserDAO' of type [org.mybatis.spring.mapper.MapperFactoryBean] is not eligible for getting processed by all BeanPostProcessors (for example: not eligible for auto-proxying)
2019-12-26 00:37:47.432 | main | INFO  | o.s.c.s.PostProcessorRegistrationDelegate$BeanPostProcessorChecker:PostProcessorRegistrationDelegate.java(330) | Bean 'IUserDAO' of type [com.sun.proxy.$Proxy72] is not eligible for getting processed by all BeanPostProcessors (for example: not eligible for auto-proxying)
2019-12-26 00:37:47.433 | main | INFO  | o.s.c.s.PostProcessorRegistrationDelegate$BeanPostProcessorChecker:PostProcessorRegistrationDelegate.java(330) | Bean 'userService' of type [com.shangchao.service.impl.UserServiceImpl] is not eligible for getting processed by all BeanPostProcessors (for example: not eligible for auto-proxying)
2019-12-26 00:37:47.434 | main | INFO  | o.s.c.s.PostProcessorRegistrationDelegate$BeanPostProcessorChecker:PostProcessorRegistrationDelegate.java(330) | Bean 'myRealm' of type [com.shangchao.shiro.MyRealm] is not eligible for getting processed by all BeanPostProcessors (for example: not eligible for auto-proxying)
2019-12-26 00:37:47.436 | main | INFO  | o.s.c.s.PostProcessorRegistrationDelegate$BeanPostProcessorChecker:PostProcessorRegistrationDelegate.java(330) | Bean 'defaultSessionStorageEvaluator' of type [org.apache.shiro.mgt.DefaultSessionStorageEvaluator] is not eligible for getting processed by all BeanPostProcessors (for example: not eligible for auto-proxying)
2019-12-26 00:37:47.437 | main | INFO  | o.s.c.s.PostProcessorRegistrationDelegate$BeanPostProcessorChecker:PostProcessorRegistrationDelegate.java(330) | Bean 'subjectDAO' of type [org.apache.shiro.mgt.DefaultSubjectDAO] is not eligible for getting processed by all BeanPostProcessors (for example: not eligible for auto-proxying)
2019-12-26 00:37:47.443 | main | INFO  | o.s.c.s.PostProcessorRegistrationDelegate$BeanPostProcessorChecker:PostProcessorRegistrationDelegate.java(330) | Bean 'sessionManager' of type [org.apache.shiro.session.mgt.DefaultSessionManager] is not eligible for getting processed by all BeanPostProcessors (for example: not eligible for auto-proxying)
2019-12-26 00:37:47.445 | main | INFO  | o.s.c.s.PostProcessorRegistrationDelegate$BeanPostProcessorChecker:PostProcessorRegistrationDelegate.java(330) | Bean 'subjectFactory' of type [com.shangchao.shiro.StatelessDefaultSubjectFactory] is not eligible for getting processed by all BeanPostProcessors (for example: not eligible for auto-proxying)
2019-12-26 00:37:47.657 | main | WARN  | o.a.s.w.m.DefaultWebSecurityManager:DefaultWebSecurityManager.java(175) | The org.apache.shiro.web.mgt.DefaultWebSecurityManager implementation expects SessionManager instances that implement the org.apache.shiro.web.session.mgt.WebSessionManager interface.  The configured instance is of type [org.apache.shiro.session.mgt.DefaultSessionManager] which does not implement this interface..  This may cause unexpected behavior.
2019-12-26 00:37:47.659 | main | INFO  | o.s.c.s.PostProcessorRegistrationDelegate$BeanPostProcessorChecker:PostProcessorRegistrationDelegate.java(330) | Bean 'securityManager' of type [org.apache.shiro.web.mgt.DefaultWebSecurityManager] is not eligible for getting processed by all BeanPostProcessors (for example: not eligible for auto-proxying)
2019-12-26 00:37:47.664 | main | INFO  | o.s.c.s.PostProcessorRegistrationDelegate$BeanPostProcessorChecker:PostProcessorRegistrationDelegate.java(330) | Bean 'jwtFilter' of type [com.shangchao.shiro.JwtFilter] is not eligible for getting processed by all BeanPostProcessors (for example: not eligible for auto-proxying)
2019-12-26 00:37:47.695 | main | INFO  | o.s.c.s.PostProcessorRegistrationDelegate$BeanPostProcessorChecker:PostProcessorRegistrationDelegate.java(330) | Bean 'authorizationAttributeSourceAdvisor' of type [org.apache.shiro.spring.security.interceptor.AuthorizationAttributeSourceAdvisor] is not eligible for getting processed by all BeanPostProcessors (for example: not eligible for auto-proxying)
2019-12-26 00:37:47.719 | main | INFO  | o.s.c.s.PostProcessorRegistrationDelegate$BeanPostProcessorChecker:PostProcessorRegistrationDelegate.java(330) | Bean 'org.springframework.transaction.annotation.ProxyTransactionManagementConfiguration' of type [org.springframework.transaction.annotation.ProxyTransactionManagementConfiguration$$EnhancerBySpringCGLIB$$c534df58] is not eligible for getting processed by all BeanPostProcessors (for example: not eligible for auto-proxying)
2019-12-26 00:37:47.997 | main | INFO  | o.s.b.w.e.t.TomcatWebServer:TomcatWebServer.java(90) | Tomcat initialized with port(s): 9999 (http)
2019-12-26 00:37:48.007 | main | INFO  | o.a.j.l.DirectJDKLog:DirectJDKLog.java(173) | Initializing ProtocolHandler ["http-nio-9999"]
2019-12-26 00:37:48.013 | main | INFO  | o.a.j.l.DirectJDKLog:DirectJDKLog.java(173) | Starting service [Tomcat]
2019-12-26 00:37:48.013 | main | INFO  | o.a.j.l.DirectJDKLog:DirectJDKLog.java(173) | Starting Servlet engine: [Apache Tomcat/9.0.17]
2019-12-26 00:37:48.109 | main | INFO  | o.a.j.l.DirectJDKLog:DirectJDKLog.java(173) | Initializing Spring embedded WebApplicationContext
2019-12-26 00:37:48.109 | main | INFO  | o.s.b.w.s.c.ServletWebServerApplicationContext:ServletWebServerApplicationContext.java(296) | Root WebApplicationContext: initialization completed in 2050 ms
2019-12-26 00:37:48.260 | main | INFO  | c.z.h.HikariDataSource:HikariDataSource.java(110) | ShangchaoHikariCP - Starting...
2019-12-26 00:37:48.261 | main | WARN  | c.z.h.u.DriverDataSource:DriverDataSource.java(68) | Registered driver with driverClassName=com.mysql.jdbc.Driver was not found, trying direct instantiation.
2019-12-26 00:37:49.636 | main | INFO  | c.z.h.HikariDataSource:HikariDataSource.java(123) | ShangchaoHikariCP - Start completed.
2019-12-26 00:37:49.699 | main | INFO  | o.h.j.i.u.LogHelper:LogHelper.java(31) | HHH000204: Processing PersistenceUnitInfo [
	name: default
	...]
2019-12-26 00:37:49.744 | main | INFO  | o.hibernate.Version:Version.java(46) | HHH000412: Hibernate Core {5.3.9.Final}
2019-12-26 00:37:49.745 | main | INFO  | o.h.cfg.Environment:Environment.java(213) | HHH000206: hibernate.properties not found
2019-12-26 00:37:49.833 | main | INFO  | o.h.a.c.r.j.JavaReflectionManager:JavaReflectionManager.java(49) | HCANN000001: Hibernate Commons Annotations {5.0.4.Final}
2019-12-26 00:37:49.937 | main | INFO  | o.h.dialect.Dialect:Dialect.java(157) | HHH000400: Using dialect: org.hibernate.dialect.MySQL5Dialect
2019-12-26 00:37:50.054 | main | INFO  | o.s.o.j.AbstractEntityManagerFactoryBean:AbstractEntityManagerFactoryBean.java(415) | Initialized JPA EntityManagerFactory for persistence unit 'default'
2019-12-26 00:37:50.161 | main | INFO  | c.m.d.l.SLF4JLogger:SLF4JLogger.java(71) | Cluster created with settings {hosts=[118.190.172.69:27017], mode=MULTIPLE, requiredClusterType=UNKNOWN, serverSelectionTimeout='30000 ms', maxWaitQueueSize=500}
2019-12-26 00:37:50.161 | main | INFO  | c.m.d.l.SLF4JLogger:SLF4JLogger.java(71) | Adding discovered server 118.190.172.69:27017 to client view of cluster
2019-12-26 00:37:50.513 | cluster-ClusterId{value='5e03905e48751eac55b90bf9', description='null'}-118.190.172.69:27017 | INFO  | c.m.d.l.SLF4JLogger:SLF4JLogger.java(71) | Opened connection [connectionId{localValue:1, serverValue:560}] to 118.190.172.69:27017
2019-12-26 00:37:50.634 | cluster-ClusterId{value='5e03905e48751eac55b90bf9', description='null'}-118.190.172.69:27017 | INFO  | c.m.d.l.SLF4JLogger:SLF4JLogger.java(71) | Monitor thread successfully connected to server with description ServerDescription{address=118.190.172.69:27017, type=STANDALONE, state=CONNECTED, ok=true, version=ServerVersion{versionList=[4, 0, 13]}, minWireVersion=0, maxWireVersion=7, maxDocumentSize=16777216, logicalSessionTimeoutMinutes=30, roundTripTimeNanos=119821168}
2019-12-26 00:37:50.635 | cluster-ClusterId{value='5e03905e48751eac55b90bf9', description='null'}-118.190.172.69:27017 | INFO  | c.m.d.l.SLF4JLogger:SLF4JLogger.java(71) | Discovered cluster type of STANDALONE
2019-12-26 00:37:50.757 | main | WARN  | o.s.b.a.o.j.JpaBaseConfiguration$JpaWebConfiguration$JpaWebMvcConfiguration:JpaBaseConfiguration.java(237) | spring.jpa.open-in-view is enabled by default. Therefore, database queries may be performed during view rendering. Explicitly configure spring.jpa.open-in-view to disable this warning
2019-12-26 00:37:50.907 | main | INFO  | s.d.s.w.PropertySourcedRequestMappingHandlerMapping:PropertySourcedRequestMappingHandlerMapping.java(69) | Mapped URL path [/v2/api-docs] onto method [public org.springframework.http.ResponseEntity<springfox.documentation.spring.web.json.Json> springfox.documentation.swagger2.web.Swagger2Controller.getDocumentation(java.lang.String,javax.servlet.http.HttpServletRequest)]
2019-12-26 00:37:51.104 | main | INFO  | o.s.s.c.ExecutorConfigurationSupport:ExecutorConfigurationSupport.java(171) | Initializing ExecutorService 'applicationTaskExecutor'
2019-12-26 00:37:51.397 | main | INFO  | s.d.s.w.p.DocumentationPluginsBootstrapper:DocumentationPluginsBootstrapper.java(160) | Context refreshed
2019-12-26 00:37:51.410 | main | INFO  | s.d.s.w.p.DocumentationPluginsBootstrapper:DocumentationPluginsBootstrapper.java(163) | Found 1 custom documentation plugin(s)
2019-12-26 00:37:51.434 | main | INFO  | s.d.s.w.s.ApiListingReferenceScanner:ApiListingReferenceScanner.java(41) | Scanning for api listing references
2019-12-26 00:37:51.652 | main | INFO  | s.d.s.w.r.o.CachingOperationNameGenerator:CachingOperationNameGenerator.java(40) | Generating unique operation named: getTopicWithProductUsingGET_1
2019-12-26 00:37:51.671 | main | INFO  | o.a.j.l.DirectJDKLog:DirectJDKLog.java(173) | Starting ProtocolHandler ["http-nio-9999"]
2019-12-26 00:37:51.698 | main | INFO  | o.s.b.w.e.t.TomcatWebServer:TomcatWebServer.java(204) | Tomcat started on port(s): 9999 (http) with context path ''
2019-12-26 00:37:51.702 | main | INFO  | o.s.b.StartupInfoLogger:StartupInfoLogger.java(59) | Started Start in 6.108 seconds (JVM running for 6.608)
2019-12-26 00:39:50.458 | http-nio-9999-exec-1 | INFO  | o.a.j.l.DirectJDKLog:DirectJDKLog.java(173) | Initializing Spring DispatcherServlet 'dispatcherServlet'
2019-12-26 00:39:50.460 | http-nio-9999-exec-1 | INFO  | o.s.w.s.FrameworkServlet:FrameworkServlet.java(524) | Initializing Servlet 'dispatcherServlet'
2019-12-26 00:39:50.473 | http-nio-9999-exec-1 | INFO  | o.s.w.s.FrameworkServlet:FrameworkServlet.java(546) | Completed initialization in 13 ms
