2019-12-25 10:27:38.656 [main] INFO  com.shangchao.Start - Starting Start on bogon with PID 1107 (/Users/wxh/work/workspace/shangchao/duty_free/target/classes started by wxh in /Users/wxh/work/workspace/shangchao/duty_free)
2019-12-25 10:27:38.660 [main] INFO  com.shangchao.Start - No active profile set, falling back to default profiles: default
2019-12-25 10:27:39.602 [main] INFO  o.s.d.r.config.RepositoryConfigurationDelegate - Multiple Spring Data modules found, entering strict repository configuration mode!
2019-12-25 10:27:39.602 [main] INFO  o.s.d.r.config.RepositoryConfigurationDelegate - Bootstrapping Spring Data repositories in DEFAULT mode.
2019-12-25 10:27:39.630 [main] INFO  o.s.d.r.config.RepositoryConfigurationDelegate - Finished Spring Data repository scanning in 21ms. Found 0 repository interfaces.
2019-12-25 10:27:39.647 [main] INFO  o.s.d.r.config.RepositoryConfigurationDelegate - Multiple Spring Data modules found, entering strict repository configuration mode!
2019-12-25 10:27:39.647 [main] INFO  o.s.d.r.config.RepositoryConfigurationDelegate - Bootstrapping Spring Data repositories in DEFAULT mode.
2019-12-25 10:27:39.652 [main] INFO  o.s.d.r.config.RepositoryConfigurationDelegate - Finished Spring Data repository scanning in 4ms. Found 0 repository interfaces.
2019-12-25 10:27:39.659 [main] INFO  o.s.d.r.config.RepositoryConfigurationDelegate - Multiple Spring Data modules found, entering strict repository configuration mode!
2019-12-25 10:27:39.660 [main] INFO  o.s.d.r.config.RepositoryConfigurationDelegate - Bootstrapping Spring Data repositories in DEFAULT mode.
2019-12-25 10:27:39.670 [main] INFO  o.s.d.r.config.RepositoryConfigurationDelegate - Finished Spring Data repository scanning in 4ms. Found 0 repository interfaces.
2019-12-25 10:27:39.926 [main] INFO  o.s.c.s.PostProcessorRegistrationDelegate$BeanPostProcessorChecker - Bean 'shiroConfig' of type [com.shangchao.shiro.ShiroConfig$$EnhancerBySpringCGLIB$$ae4db911] is not eligible for getting processed by all BeanPostProcessors (for example: not eligible for auto-proxying)
2019-12-25 10:27:39.964 [main] INFO  o.s.c.s.PostProcessorRegistrationDelegate$BeanPostProcessorChecker - Bean 'org.springframework.boot.autoconfigure.data.redis.RedisAutoConfiguration' of type [org.springframework.boot.autoconfigure.data.redis.RedisAutoConfiguration$$EnhancerBySpringCGLIB$$84106cb5] is not eligible for getting processed by all BeanPostProcessors (for example: not eligible for auto-proxying)
2019-12-25 10:27:39.980 [main] INFO  o.s.c.s.PostProcessorRegistrationDelegate$BeanPostProcessorChecker - Bean 'spring.redis-org.springframework.boot.autoconfigure.data.redis.RedisProperties' of type [org.springframework.boot.autoconfigure.data.redis.RedisProperties] is not eligible for getting processed by all BeanPostProcessors (for example: not eligible for auto-proxying)
2019-12-25 10:27:39.984 [main] INFO  o.s.c.s.PostProcessorRegistrationDelegate$BeanPostProcessorChecker - Bean 'org.springframework.boot.autoconfigure.data.redis.JedisConnectionConfiguration' of type [org.springframework.boot.autoconfigure.data.redis.JedisConnectionConfiguration$$EnhancerBySpringCGLIB$$2fb4f30e] is not eligible for getting processed by all BeanPostProcessors (for example: not eligible for auto-proxying)
2019-12-25 10:27:40.011 [main] INFO  o.s.c.s.PostProcessorRegistrationDelegate$BeanPostProcessorChecker - Bean 'redisConnectionFactory' of type [org.springframework.data.redis.connection.jedis.JedisConnectionFactory] is not eligible for getting processed by all BeanPostProcessors (for example: not eligible for auto-proxying)
2019-12-25 10:27:40.023 [main] INFO  o.s.c.s.PostProcessorRegistrationDelegate$BeanPostProcessorChecker - Bean 'redisTemplate' of type [org.springframework.data.redis.core.RedisTemplate] is not eligible for getting processed by all BeanPostProcessors (for example: not eligible for auto-proxying)
2019-12-25 10:27:40.043 [main] INFO  o.s.c.s.PostProcessorRegistrationDelegate$BeanPostProcessorChecker - Bean 'mybatis-org.mybatis.spring.boot.autoconfigure.MybatisProperties' of type [org.mybatis.spring.boot.autoconfigure.MybatisProperties] is not eligible for getting processed by all BeanPostProcessors (for example: not eligible for auto-proxying)
2019-12-25 10:27:40.049 [main] INFO  o.s.c.s.PostProcessorRegistrationDelegate$BeanPostProcessorChecker - Bean 'org.mybatis.spring.boot.autoconfigure.MybatisAutoConfiguration' of type [org.mybatis.spring.boot.autoconfigure.MybatisAutoConfiguration$$EnhancerBySpringCGLIB$$c14d92a9] is not eligible for getting processed by all BeanPostProcessors (for example: not eligible for auto-proxying)
2019-12-25 10:27:40.051 [main] INFO  o.s.c.s.PostProcessorRegistrationDelegate$BeanPostProcessorChecker - Bean 'org.springframework.boot.autoconfigure.jdbc.DataSourceConfiguration$Hikari' of type [org.springframework.boot.autoconfigure.jdbc.DataSourceConfiguration$Hikari$$EnhancerBySpringCGLIB$$cef8ab66] is not eligible for getting processed by all BeanPostProcessors (for example: not eligible for auto-proxying)
2019-12-25 10:27:40.058 [main] INFO  o.s.c.s.PostProcessorRegistrationDelegate$BeanPostProcessorChecker - Bean 'spring.datasource-org.springframework.boot.autoconfigure.jdbc.DataSourceProperties' of type [org.springframework.boot.autoconfigure.jdbc.DataSourceProperties] is not eligible for getting processed by all BeanPostProcessors (for example: not eligible for auto-proxying)
2019-12-25 10:27:40.081 [main] INFO  o.s.c.s.PostProcessorRegistrationDelegate$BeanPostProcessorChecker - Bean 'dataSource' of type [com.zaxxer.hikari.HikariDataSource] is not eligible for getting processed by all BeanPostProcessors (for example: not eligible for auto-proxying)
2019-12-25 10:27:40.272 [main] INFO  o.s.c.s.PostProcessorRegistrationDelegate$BeanPostProcessorChecker - Bean 'sqlSessionFactory' of type [org.apache.ibatis.session.defaults.DefaultSqlSessionFactory] is not eligible for getting processed by all BeanPostProcessors (for example: not eligible for auto-proxying)
2019-12-25 10:27:40.278 [main] INFO  o.s.c.s.PostProcessorRegistrationDelegate$BeanPostProcessorChecker - Bean 'sqlSessionTemplate' of type [org.mybatis.spring.SqlSessionTemplate] is not eligible for getting processed by all BeanPostProcessors (for example: not eligible for auto-proxying)
2019-12-25 10:27:40.279 [main] INFO  o.s.c.s.PostProcessorRegistrationDelegate$BeanPostProcessorChecker - Bean 'IUserDAO' of type [org.mybatis.spring.mapper.MapperFactoryBean] is not eligible for getting processed by all BeanPostProcessors (for example: not eligible for auto-proxying)
2019-12-25 10:27:40.281 [main] INFO  o.s.c.s.PostProcessorRegistrationDelegate$BeanPostProcessorChecker - Bean 'IUserDAO' of type [com.sun.proxy.$Proxy72] is not eligible for getting processed by all BeanPostProcessors (for example: not eligible for auto-proxying)
2019-12-25 10:27:40.282 [main] INFO  o.s.c.s.PostProcessorRegistrationDelegate$BeanPostProcessorChecker - Bean 'userService' of type [com.shangchao.service.impl.UserServiceImpl] is not eligible for getting processed by all BeanPostProcessors (for example: not eligible for auto-proxying)
2019-12-25 10:27:40.282 [main] INFO  o.s.c.s.PostProcessorRegistrationDelegate$BeanPostProcessorChecker - Bean 'myRealm' of type [com.shangchao.shiro.MyRealm] is not eligible for getting processed by all BeanPostProcessors (for example: not eligible for auto-proxying)
2019-12-25 10:27:40.285 [main] INFO  o.s.c.s.PostProcessorRegistrationDelegate$BeanPostProcessorChecker - Bean 'defaultSessionStorageEvaluator' of type [org.apache.shiro.mgt.DefaultSessionStorageEvaluator] is not eligible for getting processed by all BeanPostProcessors (for example: not eligible for auto-proxying)
2019-12-25 10:27:40.305 [main] INFO  o.s.c.s.PostProcessorRegistrationDelegate$BeanPostProcessorChecker - Bean 'subjectDAO' of type [org.apache.shiro.mgt.DefaultSubjectDAO] is not eligible for getting processed by all BeanPostProcessors (for example: not eligible for auto-proxying)
2019-12-25 10:27:40.312 [main] INFO  o.s.c.s.PostProcessorRegistrationDelegate$BeanPostProcessorChecker - Bean 'sessionManager' of type [org.apache.shiro.session.mgt.DefaultSessionManager] is not eligible for getting processed by all BeanPostProcessors (for example: not eligible for auto-proxying)
2019-12-25 10:27:40.314 [main] INFO  o.s.c.s.PostProcessorRegistrationDelegate$BeanPostProcessorChecker - Bean 'subjectFactory' of type [com.shangchao.shiro.StatelessDefaultSubjectFactory] is not eligible for getting processed by all BeanPostProcessors (for example: not eligible for auto-proxying)
2019-12-25 10:27:40.533 [main] WARN  org.apache.shiro.web.mgt.DefaultWebSecurityManager - The org.apache.shiro.web.mgt.DefaultWebSecurityManager implementation expects SessionManager instances that implement the org.apache.shiro.web.session.mgt.WebSessionManager interface.  The configured instance is of type [org.apache.shiro.session.mgt.DefaultSessionManager] which does not implement this interface..  This may cause unexpected behavior.
2019-12-25 10:27:40.535 [main] INFO  o.s.c.s.PostProcessorRegistrationDelegate$BeanPostProcessorChecker - Bean 'securityManager' of type [org.apache.shiro.web.mgt.DefaultWebSecurityManager] is not eligible for getting processed by all BeanPostProcessors (for example: not eligible for auto-proxying)
2019-12-25 10:27:40.542 [main] INFO  o.s.c.s.PostProcessorRegistrationDelegate$BeanPostProcessorChecker - Bean 'jwtFilter' of type [com.shangchao.shiro.JwtFilter] is not eligible for getting processed by all BeanPostProcessors (for example: not eligible for auto-proxying)
2019-12-25 10:27:40.595 [main] INFO  o.s.c.s.PostProcessorRegistrationDelegate$BeanPostProcessorChecker - Bean 'authorizationAttributeSourceAdvisor' of type [org.apache.shiro.spring.security.interceptor.AuthorizationAttributeSourceAdvisor] is not eligible for getting processed by all BeanPostProcessors (for example: not eligible for auto-proxying)
2019-12-25 10:27:40.623 [main] INFO  o.s.c.s.PostProcessorRegistrationDelegate$BeanPostProcessorChecker - Bean 'org.springframework.transaction.annotation.ProxyTransactionManagementConfiguration' of type [org.springframework.transaction.annotation.ProxyTransactionManagementConfiguration$$EnhancerBySpringCGLIB$$8e794179] is not eligible for getting processed by all BeanPostProcessors (for example: not eligible for auto-proxying)
2019-12-25 10:27:40.985 [main] INFO  o.s.boot.web.embedded.tomcat.TomcatWebServer - Tomcat initialized with port(s): 9999 (http)
2019-12-25 10:27:40.998 [main] INFO  org.apache.coyote.http11.Http11NioProtocol - Initializing ProtocolHandler ["http-nio-9999"]
2019-12-25 10:27:41.005 [main] INFO  org.apache.catalina.core.StandardService - Starting service [Tomcat]
2019-12-25 10:27:41.005 [main] INFO  org.apache.catalina.core.StandardEngine - Starting Servlet engine: [Apache Tomcat/9.0.17]
2019-12-25 10:27:41.099 [main] INFO  o.a.c.core.ContainerBase.[Tomcat].[localhost].[/] - Initializing Spring embedded WebApplicationContext
2019-12-25 10:27:41.100 [main] INFO  org.springframework.web.context.ContextLoader - Root WebApplicationContext: initialization completed in 2377 ms
2019-12-25 10:27:41.324 [main] INFO  com.zaxxer.hikari.HikariDataSource - ShangchaoHikariCP - Starting...
2019-12-25 10:27:41.327 [main] WARN  com.zaxxer.hikari.util.DriverDataSource - Registered driver with driverClassName=com.mysql.jdbc.Driver was not found, trying direct instantiation.
2019-12-25 10:27:43.005 [main] INFO  com.zaxxer.hikari.HikariDataSource - ShangchaoHikariCP - Start completed.
2019-12-25 10:27:43.053 [main] INFO  org.hibernate.jpa.internal.util.LogHelper - HHH000204: Processing PersistenceUnitInfo [
	name: default
	...]
2019-12-25 10:27:43.104 [main] INFO  org.hibernate.Version - HHH000412: Hibernate Core {5.3.9.Final}
2019-12-25 10:27:43.106 [main] INFO  org.hibernate.cfg.Environment - HHH000206: hibernate.properties not found
2019-12-25 10:27:43.243 [main] INFO  org.hibernate.annotations.common.Version - HCANN000001: Hibernate Commons Annotations {5.0.4.Final}
2019-12-25 10:27:43.366 [main] INFO  org.hibernate.dialect.Dialect - HHH000400: Using dialect: org.hibernate.dialect.MySQL5Dialect
2019-12-25 10:27:43.531 [main] INFO  o.s.orm.jpa.LocalContainerEntityManagerFactoryBean - Initialized JPA EntityManagerFactory for persistence unit 'default'
2019-12-25 10:27:43.722 [main] INFO  org.mongodb.driver.cluster - Cluster created with settings {hosts=[118.190.172.69:27017], mode=MULTIPLE, requiredClusterType=UNKNOWN, serverSelectionTimeout='30000 ms', maxWaitQueueSize=500}
2019-12-25 10:27:43.723 [main] INFO  org.mongodb.driver.cluster - Adding discovered server 118.190.172.69:27017 to client view of cluster
2019-12-25 10:27:44.335 [cluster-ClusterId{value='5e02c91fd33a1f0453978418', description='null'}-118.190.172.69:27017] INFO  org.mongodb.driver.connection - Opened connection [connectionId{localValue:1, serverValue:443}] to 118.190.172.69:27017
2019-12-25 10:27:44.404 [cluster-ClusterId{value='5e02c91fd33a1f0453978418', description='null'}-118.190.172.69:27017] INFO  org.mongodb.driver.cluster - Monitor thread successfully connected to server with description ServerDescription{address=118.190.172.69:27017, type=STANDALONE, state=CONNECTED, ok=true, version=ServerVersion{versionList=[4, 0, 13]}, minWireVersion=0, maxWireVersion=7, maxDocumentSize=16777216, logicalSessionTimeoutMinutes=30, roundTripTimeNanos=67338137}
2019-12-25 10:27:44.406 [cluster-ClusterId{value='5e02c91fd33a1f0453978418', description='null'}-118.190.172.69:27017] INFO  org.mongodb.driver.cluster - Discovered cluster type of STANDALONE
2019-12-25 10:27:44.773 [main] WARN  o.s.b.a.o.j.JpaBaseConfiguration$JpaWebConfiguration$JpaWebMvcConfiguration - spring.jpa.open-in-view is enabled by default. Therefore, database queries may be performed during view rendering. Explicitly configure spring.jpa.open-in-view to disable this warning
2019-12-25 10:27:44.999 [main] INFO  s.d.s.w.PropertySourcedRequestMappingHandlerMapping - Mapped URL path [/v2/api-docs] onto method [public org.springframework.http.ResponseEntity<springfox.documentation.spring.web.json.Json> springfox.documentation.swagger2.web.Swagger2Controller.getDocumentation(java.lang.String,javax.servlet.http.HttpServletRequest)]
2019-12-25 10:27:45.313 [main] INFO  o.s.scheduling.concurrent.ThreadPoolTaskExecutor - Initializing ExecutorService 'applicationTaskExecutor'
2019-12-25 10:27:45.724 [main] INFO  s.d.s.web.plugins.DocumentationPluginsBootstrapper - Context refreshed
2019-12-25 10:27:45.908 [main] INFO  s.d.s.web.plugins.DocumentationPluginsBootstrapper - Found 1 custom documentation plugin(s)
2019-12-25 10:27:45.941 [main] INFO  s.d.spring.web.scanners.ApiListingReferenceScanner - Scanning for api listing references
2019-12-25 10:27:46.074 [main] INFO  s.d.s.w.r.operation.CachingOperationNameGenerator - Generating unique operation named: getTopicWithProductUsingGET_1
2019-12-25 10:27:46.099 [main] INFO  org.apache.coyote.http11.Http11NioProtocol - Starting ProtocolHandler ["http-nio-9999"]
2019-12-25 10:27:46.134 [main] INFO  o.s.boot.web.embedded.tomcat.TomcatWebServer - Tomcat started on port(s): 9999 (http) with context path ''
2019-12-25 10:27:46.137 [main] INFO  com.shangchao.Start - Started Start in 8.338 seconds (JVM running for 9.133)
2019-12-25 10:27:47.124 [http-nio-9999-exec-1] INFO  o.a.c.core.ContainerBase.[Tomcat].[localhost].[/] - Initializing Spring DispatcherServlet 'dispatcherServlet'
2019-12-25 10:27:47.125 [http-nio-9999-exec-1] INFO  org.springframework.web.servlet.DispatcherServlet - Initializing Servlet 'dispatcherServlet'
2019-12-25 10:27:47.136 [http-nio-9999-exec-1] INFO  org.springframework.web.servlet.DispatcherServlet - Completed initialization in 11 ms
2019-12-25 10:28:08.068 [Thread-19] INFO  o.s.scheduling.concurrent.ThreadPoolTaskExecutor - Shutting down ExecutorService 'applicationTaskExecutor'
2019-12-25 10:28:08.081 [Thread-19] INFO  o.s.orm.jpa.LocalContainerEntityManagerFactoryBean - Closing JPA EntityManagerFactory for persistence unit 'default'
2019-12-25 10:28:08.086 [Thread-19] INFO  com.zaxxer.hikari.HikariDataSource - ShangchaoHikariCP - Shutdown initiated...
2019-12-25 10:28:08.104 [Thread-19] INFO  com.zaxxer.hikari.HikariDataSource - ShangchaoHikariCP - Shutdown completed.
